file /amd/upplysingaoflun/root/aux/home/sbroniko/vader-rover/xboxdrv/SConstruct,line 129:
	Configure(confdir = .sconf_temp)
scons: Configure: Checking for C++ library X11... 
scons: Configure: ".sconf_temp/conftest_0.cpp" is up to date.
scons: Configure: The original builder output was:
  |.sconf_temp/conftest_0.cpp <-
  |  |
  |  |
  |  |#include "X11/Xlib.h"
  |  |
  |  |int
  |  |main() {
  |  |  
  |  |return 0;
  |  |}
  |  |
  |
g++ -o .sconf_temp/conftest_0.o -c -isystem/usr/include/dbus-1.0 -isystem/usr/lib/x86_64-linux-gnu/dbus-1.0/include -isystem/usr/include/glib-2.0 -isystem/usr/lib/x86_64-linux-gnu/glib-2.0/include -pthread -isystem/usr/include/libusb-1.0 -g -O3 -Wall -ansi -pedantic -DPACKAGE_VERSION='"0.8.5"' -Isrc .sconf_temp/conftest_0.cpp
g++ -o .sconf_temp/conftest_0 -pthread .sconf_temp/conftest_0.o -ldbus-glib-1 -ldbus-1 -lgobject-2.0 -lgthread-2.0 -lrt -lglib-2.0 -lusb-1.0 -ludev -lX11
scons: Configure: yes


